  fitbit.c
c:\users\newuser\desktop\college\cpts_122\pa1\pa1\fitbit.c(22): warning C4018: '<=': signed/unsigned mismatch
c:\users\newuser\desktop\college\cpts_122\pa1\pa1\fitbit.c(78): warning C4047: '!=': 'char *' differs in levels of indirection from 'int'
c:\users\newuser\desktop\college\cpts_122\pa1\pa1\fitbit.c(92): warning C4047: '!=': 'char *' differs in levels of indirection from 'int'
c:\users\newuser\desktop\college\cpts_122\pa1\pa1\fitbit.c(106): warning C4047: '!=': 'char *' differs in levels of indirection from 'int'
c:\users\newuser\desktop\college\cpts_122\pa1\pa1\fitbit.c(52): warning C4996: 'strtok': This function or variable may be unsafe. Consider using strtok_s instead. To disable deprecation, use _CRT_SECURE_NO_WARNINGS. See online help for details.
  c:\program files (x86)\windows kits\10\include\10.0.10240.0\ucrt\string.h(453): note: see declaration of 'strtok'
c:\users\newuser\desktop\college\cpts_122\pa1\pa1\fitbit.c(53): warning C4996: 'strtok': This function or variable may be unsafe. Consider using strtok_s instead. To disable deprecation, use _CRT_SECURE_NO_WARNINGS. See online help for details.
  c:\program files (x86)\windows kits\10\include\10.0.10240.0\ucrt\string.h(453): note: see declaration of 'strtok'
c:\users\newuser\desktop\college\cpts_122\pa1\pa1\fitbit.c(54): warning C4996: 'strcpy': This function or variable may be unsafe. Consider using strcpy_s instead. To disable deprecation, use _CRT_SECURE_NO_WARNINGS. See online help for details.
  c:\program files (x86)\windows kits\10\include\10.0.10240.0\ucrt\string.h(119): note: see declaration of 'strcpy'
c:\users\newuser\desktop\college\cpts_122\pa1\pa1\fitbit.c(60): warning C4996: 'strtok': This function or variable may be unsafe. Consider using strtok_s instead. To disable deprecation, use _CRT_SECURE_NO_WARNINGS. See online help for details.
  c:\program files (x86)\windows kits\10\include\10.0.10240.0\ucrt\string.h(453): note: see declaration of 'strtok'
c:\users\newuser\desktop\college\cpts_122\pa1\pa1\fitbit.c(68): warning C4996: 'strcpy': This function or variable may be unsafe. Consider using strcpy_s instead. To disable deprecation, use _CRT_SECURE_NO_WARNINGS. See online help for details.
  c:\program files (x86)\windows kits\10\include\10.0.10240.0\ucrt\string.h(119): note: see declaration of 'strcpy'
c:\users\newuser\desktop\college\cpts_122\pa1\pa1\fitbit.c(73): warning C4996: 'strcpy': This function or variable may be unsafe. Consider using strcpy_s instead. To disable deprecation, use _CRT_SECURE_NO_WARNINGS. See online help for details.
  c:\program files (x86)\windows kits\10\include\10.0.10240.0\ucrt\string.h(119): note: see declaration of 'strcpy'
c:\users\newuser\desktop\college\cpts_122\pa1\pa1\fitbit.c(165): warning C4996: 'strtok': This function or variable may be unsafe. Consider using strtok_s instead. To disable deprecation, use _CRT_SECURE_NO_WARNINGS. See online help for details.
  c:\program files (x86)\windows kits\10\include\10.0.10240.0\ucrt\string.h(453): note: see declaration of 'strtok'
c:\users\newuser\desktop\college\cpts_122\pa1\pa1\fitbit.c(252): warning C4018: '>=': signed/unsigned mismatch
c:\users\newuser\desktop\college\cpts_122\pa1\pa1\fitbit.c(255): warning C4996: 'strcpy': This function or variable may be unsafe. Consider using strcpy_s instead. To disable deprecation, use _CRT_SECURE_NO_WARNINGS. See online help for details.
  c:\program files (x86)\windows kits\10\include\10.0.10240.0\ucrt\string.h(119): note: see declaration of 'strcpy'
c:\users\newuser\desktop\college\cpts_122\pa1\pa1\fitbit.c(275): warning C4996: 'strcpy': This function or variable may be unsafe. Consider using strcpy_s instead. To disable deprecation, use _CRT_SECURE_NO_WARNINGS. See online help for details.
  c:\program files (x86)\windows kits\10\include\10.0.10240.0\ucrt\string.h(119): note: see declaration of 'strcpy'
c:\users\newuser\desktop\college\cpts_122\pa1\pa1\fitbit.c(280): warning C4996: 'strcpy': This function or variable may be unsafe. Consider using strcpy_s instead. To disable deprecation, use _CRT_SECURE_NO_WARNINGS. See online help for details.
  c:\program files (x86)\windows kits\10\include\10.0.10240.0\ucrt\string.h(119): note: see declaration of 'strcpy'
c:\users\newuser\desktop\college\cpts_122\pa1\pa1\fitbit.c(287): warning C4996: 'strcpy': This function or variable may be unsafe. Consider using strcpy_s instead. To disable deprecation, use _CRT_SECURE_NO_WARNINGS. See online help for details.
  c:\program files (x86)\windows kits\10\include\10.0.10240.0\ucrt\string.h(119): note: see declaration of 'strcpy'
  PA1.vcxproj -> C:\Users\newuser\Desktop\College\CptS_122\PA1\Debug\PA1.exe
  PA1.vcxproj -> C:\Users\newuser\Desktop\College\CptS_122\PA1\Debug\PA1.pdb (Full PDB)
